TN:
SF:/home/enejakc/Documents/projects/ireporter-db-practice/server/index.js
FN:38,(anonymous_1)
FN:46,(anonymous_2)
FNF:2
FNH:2
FNDA:2,(anonymous_1)
FNDA:1,(anonymous_2)
DA:1,1
DA:2,1
DA:3,1
DA:4,1
DA:5,1
DA:7,1
DA:10,1
DA:11,1
DA:13,1
DA:14,0
DA:18,1
DA:22,1
DA:25,1
DA:26,1
DA:29,1
DA:32,1
DA:38,1
DA:39,2
DA:46,1
DA:47,1
LF:20
LH:19
BRDA:13,0,0,0
BRDA:13,0,1,1
BRF:2
BRH:1
end_of_record
TN:
SF:/home/enejakc/Documents/projects/ireporter-db-practice/server/controllers/authController.js
FN:5,(anonymous_7)
FN:5,(anonymous_8)
FN:56,(anonymous_9)
FN:56,(anonymous_10)
FN:58,(anonymous_11)
FNF:5
FNH:5
FNDA:2,(anonymous_7)
FNDA:2,(anonymous_8)
FNDA:5,(anonymous_9)
FNDA:5,(anonymous_10)
FNDA:2,(anonymous_11)
DA:1,1
DA:2,1
DA:5,2
DA:17,2
DA:18,2
DA:20,2
DA:22,2
DA:23,2
DA:35,2
DA:48,2
DA:49,2
DA:51,0
DA:56,5
DA:57,5
DA:58,5
DA:60,5
DA:61,5
DA:62,5
DA:63,4
DA:64,4
DA:65,4
DA:68,3
DA:69,3
DA:70,3
DA:71,3
DA:72,3
DA:74,3
DA:76,0
LF:28
LH:26
BRDA:62,0,0,1
BRDA:62,0,1,4
BRDA:65,1,0,1
BRDA:65,1,1,3
BRDA:72,2,0,1
BRDA:72,2,1,2
BRF:6
BRH:6
end_of_record
TN:
SF:/home/enejakc/Documents/projects/ireporter-db-practice/server/db/config.js
FNF:0
FNH:0
DA:1,1
DA:2,1
DA:4,1
DA:6,1
DA:12,1
LF:5
LH:5
BRDA:6,0,0,1
BRDA:6,0,1,0
BRDA:12,1,0,1
BRDA:12,1,1,0
BRF:4
BRH:2
end_of_record
TN:
SF:/home/enejakc/Documents/projects/ireporter-db-practice/server/middleware/authHandler.js
FN:7,(anonymous_7)
FN:7,(anonymous_8)
FN:39,(anonymous_9)
FN:57,(anonymous_10)
FNF:4
FNH:2
FNDA:3,(anonymous_7)
FNDA:3,(anonymous_8)
FNDA:0,(anonymous_9)
FNDA:0,(anonymous_10)
DA:1,1
DA:2,1
DA:4,1
DA:7,3
DA:10,3
DA:11,3
DA:18,3
DA:19,3
DA:40,0
DA:42,0
DA:43,0
DA:44,0
DA:45,0
DA:46,0
DA:47,0
DA:48,0
DA:50,0
DA:58,0
DA:59,0
DA:64,0
LF:20
LH:8
BRDA:18,0,0,2
BRDA:18,0,1,1
BRDA:27,1,0,3
BRDA:27,1,1,3
BRDA:58,2,0,0
BRDA:58,2,1,0
BRF:6
BRH:4
end_of_record
TN:
SF:/home/enejakc/Documents/projects/ireporter-db-practice/server/middleware/inspector.js
FN:6,(anonymous_7)
FN:6,(anonymous_8)
FN:7,(anonymous_9)
FN:23,(anonymous_10)
FN:34,(anonymous_11)
FN:78,(anonymous_12)
FNF:6
FNH:6
FNDA:10,(anonymous_7)
FNDA:10,(anonymous_8)
FNDA:8,(anonymous_9)
FNDA:70,(anonymous_10)
FNDA:70,(anonymous_11)
FNDA:5,(anonymous_12)
DA:1,1
DA:2,1
DA:3,1
DA:6,10
DA:7,10
DA:18,10
DA:20,10
DA:23,10
DA:24,70
DA:33,70
DA:34,70
DA:36,10
DA:45,1
DA:48,9
DA:49,8
DA:50,7
DA:51,1
DA:53,6
DA:54,5
DA:55,4
DA:57,3
DA:58,3
DA:59,3
DA:61,0
DA:63,2
DA:64,2
DA:65,2
DA:66,2
DA:67,2
DA:68,2
DA:69,2
DA:70,2
DA:71,2
DA:72,2
DA:74,2
DA:79,5
DA:80,5
DA:81,1
DA:87,4
DA:88,1
DA:94,3
DA:95,3
DA:96,3
LF:43
LH:42
BRDA:33,0,0,7
BRDA:33,0,1,63
BRDA:33,1,0,70
BRDA:33,1,1,63
BRDA:36,2,0,1
BRDA:36,2,1,9
BRDA:37,3,0,10
BRDA:37,3,1,9
BRDA:37,3,2,9
BRDA:37,3,3,9
BRDA:37,3,4,9
BRDA:37,3,5,9
BRDA:37,3,6,9
BRDA:48,4,0,1
BRDA:48,4,1,8
BRDA:49,5,0,1
BRDA:49,5,1,7
BRDA:50,6,0,1
BRDA:50,6,1,6
BRDA:53,7,0,1
BRDA:53,7,1,5
BRDA:54,8,0,1
BRDA:54,8,1,4
BRDA:55,9,0,1
BRDA:55,9,1,3
BRDA:59,10,0,1
BRDA:59,10,1,2
BRDA:65,11,0,2
BRDA:65,11,1,2
BRDA:66,12,0,2
BRDA:66,12,1,0
BRDA:70,13,0,0
BRDA:70,13,1,2
BRDA:72,14,0,1
BRDA:72,14,1,1
BRDA:80,15,0,1
BRDA:80,15,1,4
BRDA:80,16,0,5
BRDA:80,16,1,4
BRDA:87,17,0,1
BRDA:87,17,1,3
BRDA:87,18,0,4
BRDA:87,18,1,3
BRF:43
BRH:41
end_of_record
TN:
SF:/home/enejakc/Documents/projects/ireporter-db-practice/server/routes/authRouter.js
FN:10,(anonymous_1)
FN:13,(anonymous_2)
FN:18,(anonymous_3)
FNF:3
FNH:0
FNDA:0,(anonymous_1)
FNDA:0,(anonymous_2)
FNDA:0,(anonymous_3)
DA:1,1
DA:2,1
DA:3,1
DA:4,1
DA:5,1
DA:7,1
DA:9,1
DA:11,0
DA:14,0
DA:18,1
DA:19,0
DA:20,0
DA:22,0
DA:26,1
DA:34,1
DA:35,1
LF:16
LH:11
BRDA:19,0,0,0
BRDA:19,0,1,0
BRDA:19,1,0,0
BRDA:19,1,1,0
BRF:4
BRH:0
end_of_record
TN:
SF:/home/enejakc/Documents/projects/ireporter-db-practice/server/validators/emailChecker.js
FN:4,(anonymous_0)
FN:16,(anonymous_1)
FN:28,(anonymous_2)
FN:40,(anonymous_3)
FN:69,(anonymous_4)
FNF:5
FNH:5
FNDA:12,(anonymous_0)
FNDA:1,(anonymous_1)
FNDA:1,(anonymous_2)
FNDA:81,(anonymous_3)
FNDA:12,(anonymous_4)
DA:2,1
DA:5,12
DA:6,12
DA:7,12
DA:8,12
DA:9,11
DA:11,1
DA:17,1
DA:18,1
DA:19,1
DA:20,1
DA:21,0
DA:23,1
DA:29,1
DA:30,1
DA:31,1
DA:32,1
DA:33,0
DA:35,1
DA:41,81
DA:42,0
DA:44,81
DA:45,72
DA:47,9
DA:48,0
DA:50,9
DA:51,9
DA:53,0
DA:54,0
DA:57,0
DA:70,12
DA:73,12
DA:74,0
DA:75,0
DA:77,12
DA:78,12
DA:79,12
DA:80,12
DA:81,12
DA:82,12
DA:83,12
DA:86,12
DA:87,0
DA:90,12
DA:91,0
DA:92,0
DA:95,12
DA:96,0
DA:97,0
DA:100,12
DA:101,0
DA:102,0
DA:107,12
DA:108,0
DA:109,0
DA:113,12
DA:114,0
DA:115,0
DA:119,12
DA:120,12
DA:121,87
DA:123,87
DA:124,87
DA:125,0
DA:126,0
DA:131,12
DA:132,0
DA:133,0
DA:137,12
DA:138,0
DA:139,0
DA:143,12
DA:144,168
DA:145,0
DA:146,0
DA:153,12
DA:154,384
DA:155,0
DA:156,0
DA:161,12
DA:162,12
DA:163,106
DA:164,106
DA:165,106
DA:166,0
DA:167,0
DA:172,12
DA:173,0
DA:174,0
DA:177,12
DA:178,1
DA:179,1
DA:183,11
DA:184,2
DA:185,2
DA:189,9
DA:190,81
DA:191,0
DA:192,0
DA:197,9
DA:198,0
DA:199,0
DA:203,9
LF:103
LH:65
BRDA:8,0,0,11
BRDA:8,0,1,1
BRDA:20,1,0,0
BRDA:20,1,1,1
BRDA:32,2,0,0
BRDA:32,2,1,1
BRDA:41,3,0,0
BRDA:41,3,1,81
BRDA:41,4,0,81
BRDA:41,4,1,72
BRDA:44,5,0,72
BRDA:44,5,1,9
BRDA:44,6,0,81
BRDA:44,6,1,72
BRDA:47,7,0,0
BRDA:47,7,1,9
BRDA:47,8,0,9
BRDA:47,8,1,0
BRDA:50,9,0,9
BRDA:50,9,1,0
BRDA:53,10,0,0
BRDA:53,10,1,0
BRDA:73,11,0,0
BRDA:73,11,1,12
BRDA:86,12,0,0
BRDA:86,12,1,12
BRDA:86,13,0,12
BRDA:86,13,1,0
BRDA:90,14,0,0
BRDA:90,14,1,12
BRDA:95,15,0,0
BRDA:95,15,1,12
BRDA:100,16,0,0
BRDA:100,16,1,12
BRDA:107,17,0,0
BRDA:107,17,1,12
BRDA:113,18,0,0
BRDA:113,18,1,12
BRDA:113,19,0,12
BRDA:113,19,1,12
BRDA:124,20,0,0
BRDA:124,20,1,87
BRDA:131,21,0,0
BRDA:131,21,1,12
BRDA:131,22,0,12
BRDA:131,22,1,0
BRDA:137,23,0,0
BRDA:137,23,1,12
BRDA:137,24,0,12
BRDA:137,24,1,0
BRDA:144,25,0,0
BRDA:144,25,1,168
BRDA:144,26,0,168
BRDA:144,26,1,0
BRDA:154,27,0,0
BRDA:154,27,1,384
BRDA:165,28,0,0
BRDA:165,28,1,106
BRDA:172,29,0,0
BRDA:172,29,1,12
BRDA:177,30,0,1
BRDA:177,30,1,11
BRDA:177,31,0,12
BRDA:177,31,1,1
BRDA:177,31,2,1
BRDA:183,32,0,2
BRDA:183,32,1,9
BRDA:190,33,0,0
BRDA:190,33,1,81
BRDA:197,34,0,0
BRDA:197,34,1,9
BRF:71
BRH:43
end_of_record
TN:
SF:/home/enejakc/Documents/projects/ireporter-db-practice/server/validators/validator.js
FN:5,(anonymous_1)
FN:9,(anonymous_2)
FN:14,(anonymous_3)
FN:18,(anonymous_4)
FN:22,(anonymous_5)
FN:26,(anonymous_6)
FNF:6
FNH:5
FNDA:12,(anonymous_1)
FNDA:0,(anonymous_2)
FNDA:7,(anonymous_3)
FNDA:6,(anonymous_4)
FNDA:17,(anonymous_5)
FNDA:5,(anonymous_6)
DA:1,1
DA:2,1
DA:6,12
DA:10,0
DA:11,0
DA:15,7
DA:19,6
DA:23,17
DA:27,5
DA:28,5
DA:29,5
DA:30,5
DA:31,49
DA:32,1
DA:35,4
LF:15
LH:13
BRDA:29,0,0,0
BRDA:29,0,1,5
BRDA:31,1,0,1
BRDA:31,1,1,48
BRDA:31,2,0,49
BRDA:31,2,1,1
BRDA:31,2,2,1
BRDA:31,2,3,1
BRF:8
BRH:7
end_of_record
TN:
SF:/home/enejakc/Documents/projects/ireporter-db-practice/tests/index.spec.js
FN:8,(anonymous_1)
FN:9,(anonymous_2)
FN:12,(anonymous_3)
FN:24,(anonymous_4)
FN:27,(anonymous_5)
FNF:5
FNH:5
FNDA:1,(anonymous_1)
FNDA:1,(anonymous_2)
FNDA:1,(anonymous_3)
FNDA:1,(anonymous_4)
FNDA:1,(anonymous_5)
DA:1,1
DA:2,1
DA:3,1
DA:4,1
DA:6,1
DA:8,1
DA:9,1
DA:10,1
DA:13,1
DA:15,1
DA:16,1
DA:17,1
DA:18,1
DA:19,1
DA:20,1
DA:24,1
DA:25,1
DA:28,1
DA:30,1
DA:31,1
DA:32,1
DA:33,1
DA:34,1
LF:23
LH:23
BRDA:13,0,0,0
BRDA:13,0,1,1
BRDA:28,1,0,0
BRDA:28,1,1,1
BRF:4
BRH:2
end_of_record
TN:
SF:/home/enejakc/Documents/projects/ireporter-db-practice/tests/routes/auth.spec.js
FN:13,(anonymous_1)
FN:14,(anonymous_2)
FN:18,(anonymous_3)
FN:32,(anonymous_4)
FN:36,(anonymous_5)
FN:50,(anonymous_6)
FN:54,(anonymous_7)
FN:65,(anonymous_8)
FN:69,(anonymous_9)
FN:80,(anonymous_10)
FN:84,(anonymous_11)
FN:95,(anonymous_12)
FN:99,(anonymous_13)
FN:110,(anonymous_14)
FN:114,(anonymous_15)
FN:125,(anonymous_16)
FN:129,(anonymous_17)
FN:140,(anonymous_18)
FN:144,(anonymous_19)
FN:155,(anonymous_20)
FN:159,(anonymous_21)
FN:173,(anonymous_22)
FN:174,(anonymous_23)
FN:178,(anonymous_24)
FN:191,(anonymous_25)
FN:195,(anonymous_26)
FN:203,(anonymous_27)
FN:207,(anonymous_28)
FN:219,(anonymous_29)
FN:223,(anonymous_30)
FN:235,(anonymous_31)
FN:239,(anonymous_32)
FNF:32
FNH:32
FNDA:1,(anonymous_1)
FNDA:1,(anonymous_2)
FNDA:1,(anonymous_3)
FNDA:1,(anonymous_4)
FNDA:1,(anonymous_5)
FNDA:1,(anonymous_6)
FNDA:1,(anonymous_7)
FNDA:1,(anonymous_8)
FNDA:1,(anonymous_9)
FNDA:1,(anonymous_10)
FNDA:1,(anonymous_11)
FNDA:1,(anonymous_12)
FNDA:1,(anonymous_13)
FNDA:1,(anonymous_14)
FNDA:1,(anonymous_15)
FNDA:1,(anonymous_16)
FNDA:1,(anonymous_17)
FNDA:1,(anonymous_18)
FNDA:1,(anonymous_19)
FNDA:1,(anonymous_20)
FNDA:1,(anonymous_21)
FNDA:1,(anonymous_22)
FNDA:1,(anonymous_23)
FNDA:1,(anonymous_24)
FNDA:1,(anonymous_25)
FNDA:1,(anonymous_26)
FNDA:1,(anonymous_27)
FNDA:1,(anonymous_28)
FNDA:1,(anonymous_29)
FNDA:1,(anonymous_30)
FNDA:1,(anonymous_31)
FNDA:1,(anonymous_32)
DA:1,1
DA:2,1
DA:3,1
DA:4,1
DA:5,1
DA:6,1
DA:8,1
DA:9,1
DA:13,1
DA:14,1
DA:15,1
DA:19,1
DA:21,1
DA:22,1
DA:23,1
DA:24,1
DA:25,1
DA:26,1
DA:27,1
DA:28,1
DA:32,1
DA:33,1
DA:37,1
DA:39,1
DA:40,1
DA:41,1
DA:42,1
DA:43,1
DA:44,1
DA:45,1
DA:46,1
DA:50,1
DA:51,1
DA:55,1
DA:57,1
DA:58,1
DA:59,1
DA:60,1
DA:61,1
DA:65,1
DA:66,1
DA:70,1
DA:72,1
DA:73,1
DA:74,1
DA:75,1
DA:76,1
DA:80,1
DA:81,1
DA:85,1
DA:87,1
DA:88,1
DA:89,1
DA:90,1
DA:91,1
DA:95,1
DA:96,1
DA:100,1
DA:102,1
DA:103,1
DA:104,1
DA:105,1
DA:106,1
DA:110,1
DA:111,1
DA:115,1
DA:117,1
DA:118,1
DA:119,1
DA:120,1
DA:121,1
DA:125,1
DA:126,1
DA:130,1
DA:132,1
DA:133,1
DA:134,1
DA:135,1
DA:136,1
DA:140,1
DA:141,1
DA:145,1
DA:147,1
DA:148,1
DA:149,1
DA:150,1
DA:151,1
DA:155,1
DA:156,1
DA:160,1
DA:162,1
DA:163,1
DA:164,1
DA:165,1
DA:166,1
DA:173,1
DA:174,1
DA:175,1
DA:179,1
DA:181,1
DA:182,1
DA:183,1
DA:184,1
DA:185,1
DA:186,1
DA:187,1
DA:191,1
DA:192,1
DA:196,1
DA:198,1
DA:199,1
DA:203,1
DA:204,1
DA:208,1
DA:210,1
DA:211,1
DA:212,1
DA:213,1
DA:214,1
DA:215,1
DA:219,1
DA:220,1
DA:224,1
DA:226,1
DA:227,1
DA:228,1
DA:229,1
DA:230,1
DA:231,1
DA:235,1
DA:236,1
DA:240,1
DA:242,1
DA:243,1
DA:244,1
DA:245,1
DA:246,1
DA:247,1
LF:138
LH:138
BRDA:19,0,0,0
BRDA:19,0,1,1
BRDA:37,1,0,0
BRDA:37,1,1,1
BRDA:55,2,0,0
BRDA:55,2,1,1
BRDA:70,3,0,0
BRDA:70,3,1,1
BRDA:85,4,0,0
BRDA:85,4,1,1
BRDA:100,5,0,0
BRDA:100,5,1,1
BRDA:115,6,0,0
BRDA:115,6,1,1
BRDA:130,7,0,0
BRDA:130,7,1,1
BRDA:145,8,0,0
BRDA:145,8,1,1
BRDA:160,9,0,0
BRDA:160,9,1,1
BRDA:179,10,0,0
BRDA:179,10,1,1
BRDA:196,11,0,0
BRDA:196,11,1,1
BRDA:208,12,0,0
BRDA:208,12,1,1
BRDA:224,13,0,0
BRDA:224,13,1,1
BRDA:240,14,0,0
BRDA:240,14,1,1
BRF:30
BRH:15
end_of_record
TN:
SF:/home/enejakc/Documents/projects/ireporter-db-practice/tests/seed/seed.js
FN:141,generateValidToken
FN:154,(anonymous_8)
FN:154,(anonymous_9)
FN:198,(anonymous_11)
FN:198,(anonymous_12)
FNF:5
FNH:3
FNDA:0,generateValidToken
FNDA:2,(anonymous_8)
FNDA:1,(anonymous_9)
FNDA:1,(anonymous_11)
FNDA:0,(anonymous_12)
DA:1,1
DA:2,1
DA:4,1
DA:142,0
DA:154,3
DA:155,1
DA:156,1
DA:158,1
DA:174,1
DA:188,1
DA:189,1
DA:190,1
DA:191,1
DA:198,2
DA:199,0
DA:203,0
LF:16
LH:13
BRDA:146,0,0,0
BRDA:146,0,1,0
BRF:2
BRH:0
end_of_record
