TN:
SF:/home/enejakc/Documents/projects/ireporter-db-practice/server/index.js
FN:32,(anonymous_1)
FN:40,(anonymous_2)
FNF:2
FNH:2
FNDA:2,(anonymous_1)
FNDA:1,(anonymous_2)
DA:1,1
DA:2,1
DA:3,1
DA:4,1
DA:6,1
DA:9,1
DA:10,1
DA:13,1
DA:16,1
DA:19,1
DA:20,1
DA:23,1
DA:26,1
DA:32,1
DA:33,2
DA:40,1
DA:41,1
LF:17
LH:17
BRF:0
BRH:0
end_of_record
TN:
SF:/home/enejakc/Documents/projects/ireporter-db-practice/server/controllers/authController.js
FN:5,(anonymous_7)
FN:5,(anonymous_8)
FN:53,(anonymous_9)
FN:53,(anonymous_10)
FNF:4
FNH:0
FNDA:0,(anonymous_7)
FNDA:0,(anonymous_8)
FNDA:0,(anonymous_9)
FNDA:0,(anonymous_10)
DA:1,1
DA:2,1
DA:5,0
DA:17,0
DA:18,0
DA:20,0
DA:22,0
DA:23,0
DA:35,0
DA:47,0
DA:49,0
DA:53,0
DA:54,0
LF:13
LH:2
BRDA:18,0,0,0
BRDA:18,0,1,0
BRF:2
BRH:0
end_of_record
TN:
SF:/home/enejakc/Documents/projects/ireporter-db-practice/server/db/config.js
FNF:0
FNH:0
DA:1,1
DA:2,1
DA:4,1
DA:6,1
DA:12,1
LF:5
LH:5
BRDA:6,0,0,1
BRDA:6,0,1,0
BRDA:12,1,0,1
BRDA:12,1,1,0
BRF:4
BRH:2
end_of_record
TN:
SF:/home/enejakc/Documents/projects/ireporter-db-practice/server/middleware/inspector.js
FN:6,(anonymous_7)
FN:6,(anonymous_8)
FN:7,(anonymous_9)
FN:21,(anonymous_10)
FN:31,(anonymous_11)
FNF:5
FNH:5
FNDA:7,(anonymous_7)
FNDA:7,(anonymous_8)
FNDA:7,(anonymous_9)
FNDA:42,(anonymous_10)
FNDA:42,(anonymous_11)
DA:1,1
DA:2,1
DA:3,1
DA:6,7
DA:7,7
DA:18,7
DA:20,7
DA:21,7
DA:22,42
DA:30,42
DA:31,42
DA:33,7
DA:34,1
DA:37,6
DA:38,5
DA:39,4
DA:40,1
DA:42,3
DA:43,2
DA:44,1
DA:46,0
DA:47,0
DA:48,0
DA:50,0
DA:51,0
DA:53,0
DA:54,0
DA:55,0
DA:56,0
DA:57,0
DA:58,0
DA:59,0
DA:60,0
DA:61,0
DA:62,0
DA:64,0
LF:36
LH:20
BRDA:30,0,0,6
BRDA:30,0,1,36
BRDA:30,1,0,42
BRDA:30,1,1,36
BRDA:33,2,0,1
BRDA:33,2,1,6
BRDA:33,3,0,7
BRDA:33,3,1,6
BRDA:33,3,2,6
BRDA:33,3,3,6
BRDA:33,3,4,6
BRDA:33,3,5,6
BRDA:37,4,0,1
BRDA:37,4,1,5
BRDA:38,5,0,1
BRDA:38,5,1,4
BRDA:39,6,0,1
BRDA:39,6,1,3
BRDA:42,7,0,1
BRDA:42,7,1,2
BRDA:43,8,0,1
BRDA:43,8,1,1
BRDA:44,9,0,1
BRDA:44,9,1,0
BRDA:48,10,0,0
BRDA:48,10,1,0
BRDA:55,11,0,0
BRDA:55,11,1,0
BRDA:56,12,0,0
BRDA:56,12,1,0
BRDA:60,13,0,0
BRDA:60,13,1,0
BRF:32
BRH:23
end_of_record
TN:
SF:/home/enejakc/Documents/projects/ireporter-db-practice/server/routes/authRouter.js
FN:10,(anonymous_1)
FN:13,(anonymous_2)
FN:18,(anonymous_3)
FNF:3
FNH:0
FNDA:0,(anonymous_1)
FNDA:0,(anonymous_2)
FNDA:0,(anonymous_3)
DA:1,1
DA:2,1
DA:3,1
DA:4,1
DA:5,1
DA:7,1
DA:9,1
DA:11,0
DA:14,0
DA:18,1
DA:19,0
DA:20,0
DA:22,0
DA:26,1
DA:34,1
LF:15
LH:10
BRDA:19,0,0,0
BRDA:19,0,1,0
BRDA:19,1,0,0
BRDA:19,1,1,0
BRF:4
BRH:0
end_of_record
TN:
SF:/home/enejakc/Documents/projects/ireporter-db-practice/server/validators/emailChecker.js
FN:4,(anonymous_0)
FN:16,(anonymous_1)
FN:28,(anonymous_2)
FN:40,(anonymous_3)
FN:69,(anonymous_4)
FNF:5
FNH:3
FNDA:5,(anonymous_0)
FNDA:0,(anonymous_1)
FNDA:0,(anonymous_2)
FNDA:27,(anonymous_3)
FNDA:5,(anonymous_4)
DA:2,1
DA:5,5
DA:6,5
DA:7,5
DA:8,5
DA:9,5
DA:11,0
DA:17,0
DA:18,0
DA:19,0
DA:20,0
DA:21,0
DA:23,0
DA:29,0
DA:30,0
DA:31,0
DA:32,0
DA:33,0
DA:35,0
DA:41,27
DA:42,0
DA:44,27
DA:45,24
DA:47,3
DA:48,0
DA:50,3
DA:51,3
DA:53,0
DA:54,0
DA:57,0
DA:70,5
DA:73,5
DA:74,0
DA:75,0
DA:77,5
DA:78,5
DA:79,5
DA:80,5
DA:81,5
DA:82,5
DA:83,5
DA:86,5
DA:87,0
DA:90,5
DA:91,0
DA:92,0
DA:95,5
DA:96,0
DA:97,0
DA:100,5
DA:101,0
DA:102,0
DA:107,5
DA:108,0
DA:109,0
DA:113,5
DA:114,0
DA:115,0
DA:119,5
DA:120,5
DA:121,32
DA:123,32
DA:124,32
DA:125,0
DA:126,0
DA:131,5
DA:132,0
DA:133,0
DA:137,5
DA:138,0
DA:139,0
DA:143,5
DA:144,70
DA:145,0
DA:146,0
DA:153,5
DA:154,160
DA:155,0
DA:156,0
DA:161,5
DA:162,5
DA:163,47
DA:164,47
DA:165,47
DA:166,0
DA:167,0
DA:172,5
DA:173,0
DA:174,0
DA:177,5
DA:178,0
DA:179,0
DA:183,5
DA:184,2
DA:185,2
DA:189,3
DA:190,27
DA:191,0
DA:192,0
DA:197,3
DA:198,0
DA:199,0
DA:203,3
LF:103
LH:52
BRDA:8,0,0,5
BRDA:8,0,1,0
BRDA:20,1,0,0
BRDA:20,1,1,0
BRDA:32,2,0,0
BRDA:32,2,1,0
BRDA:41,3,0,0
BRDA:41,3,1,27
BRDA:41,4,0,27
BRDA:41,4,1,24
BRDA:44,5,0,24
BRDA:44,5,1,3
BRDA:44,6,0,27
BRDA:44,6,1,24
BRDA:47,7,0,0
BRDA:47,7,1,3
BRDA:47,8,0,3
BRDA:47,8,1,0
BRDA:50,9,0,3
BRDA:50,9,1,0
BRDA:53,10,0,0
BRDA:53,10,1,0
BRDA:73,11,0,0
BRDA:73,11,1,5
BRDA:86,12,0,0
BRDA:86,12,1,5
BRDA:86,13,0,5
BRDA:86,13,1,0
BRDA:90,14,0,0
BRDA:90,14,1,5
BRDA:95,15,0,0
BRDA:95,15,1,5
BRDA:100,16,0,0
BRDA:100,16,1,5
BRDA:107,17,0,0
BRDA:107,17,1,5
BRDA:113,18,0,0
BRDA:113,18,1,5
BRDA:113,19,0,5
BRDA:113,19,1,5
BRDA:124,20,0,0
BRDA:124,20,1,32
BRDA:131,21,0,0
BRDA:131,21,1,5
BRDA:131,22,0,5
BRDA:131,22,1,0
BRDA:137,23,0,0
BRDA:137,23,1,5
BRDA:137,24,0,5
BRDA:137,24,1,0
BRDA:144,25,0,0
BRDA:144,25,1,70
BRDA:144,26,0,70
BRDA:144,26,1,0
BRDA:154,27,0,0
BRDA:154,27,1,160
BRDA:165,28,0,0
BRDA:165,28,1,47
BRDA:172,29,0,0
BRDA:172,29,1,5
BRDA:177,30,0,0
BRDA:177,30,1,5
BRDA:177,31,0,5
BRDA:177,31,1,0
BRDA:177,31,2,0
BRDA:183,32,0,2
BRDA:183,32,1,3
BRDA:190,33,0,0
BRDA:190,33,1,27
BRDA:197,34,0,0
BRDA:197,34,1,3
BRF:71
BRH:37
end_of_record
TN:
SF:/home/enejakc/Documents/projects/ireporter-db-practice/server/validators/validator.js
FN:5,(anonymous_1)
FN:9,(anonymous_2)
FN:14,(anonymous_3)
FN:18,(anonymous_4)
FN:22,(anonymous_5)
FN:26,(anonymous_6)
FNF:6
FNH:5
FNDA:5,(anonymous_1)
FNDA:0,(anonymous_2)
FNDA:1,(anonymous_3)
FNDA:3,(anonymous_4)
FNDA:11,(anonymous_5)
FNDA:2,(anonymous_6)
DA:1,1
DA:2,1
DA:6,5
DA:10,0
DA:11,0
DA:15,1
DA:19,3
DA:23,11
DA:27,2
DA:28,2
DA:29,2
DA:30,2
DA:31,16
DA:32,1
DA:35,1
LF:15
LH:13
BRDA:29,0,0,0
BRDA:29,0,1,2
BRDA:31,1,0,1
BRDA:31,1,1,15
BRDA:31,2,0,16
BRDA:31,2,1,1
BRDA:31,2,2,1
BRDA:31,2,3,1
BRF:8
BRH:7
end_of_record
TN:
SF:/home/enejakc/Documents/projects/ireporter-db-practice/tests/index.spec.js
FN:8,(anonymous_1)
FN:9,(anonymous_2)
FN:12,(anonymous_3)
FN:24,(anonymous_4)
FN:27,(anonymous_5)
FNF:5
FNH:5
FNDA:1,(anonymous_1)
FNDA:1,(anonymous_2)
FNDA:1,(anonymous_3)
FNDA:1,(anonymous_4)
FNDA:1,(anonymous_5)
DA:1,1
DA:2,1
DA:3,1
DA:4,1
DA:6,1
DA:8,1
DA:9,1
DA:10,1
DA:13,1
DA:15,1
DA:16,1
DA:17,1
DA:18,1
DA:19,1
DA:20,1
DA:24,1
DA:25,1
DA:28,1
DA:30,1
DA:31,1
DA:32,1
DA:33,1
DA:34,1
LF:23
LH:23
BRDA:13,0,0,0
BRDA:13,0,1,1
BRDA:28,1,0,0
BRDA:28,1,1,1
BRF:4
BRH:2
end_of_record
TN:
SF:/home/enejakc/Documents/projects/ireporter-db-practice/tests/routes/auth.spec.js
FN:13,(anonymous_1)
FN:14,(anonymous_2)
FN:18,(anonymous_3)
FN:29,(anonymous_4)
FN:33,(anonymous_5)
FN:44,(anonymous_6)
FN:48,(anonymous_7)
FN:59,(anonymous_8)
FN:63,(anonymous_9)
FN:74,(anonymous_10)
FN:78,(anonymous_11)
FN:89,(anonymous_12)
FN:93,(anonymous_13)
FN:104,(anonymous_14)
FN:108,(anonymous_15)
FNF:15
FNH:15
FNDA:1,(anonymous_1)
FNDA:1,(anonymous_2)
FNDA:1,(anonymous_3)
FNDA:1,(anonymous_4)
FNDA:1,(anonymous_5)
FNDA:1,(anonymous_6)
FNDA:1,(anonymous_7)
FNDA:1,(anonymous_8)
FNDA:1,(anonymous_9)
FNDA:1,(anonymous_10)
FNDA:1,(anonymous_11)
FNDA:1,(anonymous_12)
FNDA:1,(anonymous_13)
FNDA:1,(anonymous_14)
FNDA:1,(anonymous_15)
DA:1,1
DA:2,1
DA:3,1
DA:4,1
DA:5,1
DA:6,1
DA:8,1
DA:9,1
DA:13,1
DA:14,1
DA:15,1
DA:19,1
DA:21,1
DA:22,1
DA:23,1
DA:24,1
DA:25,1
DA:29,1
DA:30,1
DA:34,1
DA:36,1
DA:37,1
DA:38,1
DA:39,1
DA:40,1
DA:44,1
DA:45,1
DA:49,1
DA:51,1
DA:52,1
DA:53,1
DA:54,1
DA:55,1
DA:59,1
DA:60,1
DA:64,1
DA:66,1
DA:67,1
DA:68,1
DA:69,1
DA:70,1
DA:74,1
DA:75,1
DA:79,1
DA:81,1
DA:82,1
DA:83,1
DA:84,1
DA:85,1
DA:89,1
DA:90,1
DA:94,1
DA:96,1
DA:97,1
DA:98,1
DA:99,1
DA:100,1
DA:104,1
DA:105,1
DA:109,1
DA:111,1
DA:112,1
DA:113,1
DA:114,1
DA:115,1
LF:65
LH:65
BRDA:19,0,0,0
BRDA:19,0,1,1
BRDA:34,1,0,0
BRDA:34,1,1,1
BRDA:49,2,0,0
BRDA:49,2,1,1
BRDA:64,3,0,0
BRDA:64,3,1,1
BRDA:79,4,0,0
BRDA:79,4,1,1
BRDA:94,5,0,0
BRDA:94,5,1,1
BRDA:109,6,0,0
BRDA:109,6,1,1
BRF:14
BRH:7
end_of_record
TN:
SF:/home/enejakc/Documents/projects/ireporter-db-practice/tests/seed/seed.js
FN:131,generateValidToken
FN:144,(anonymous_8)
FN:144,(anonymous_9)
FN:188,(anonymous_11)
FN:188,(anonymous_12)
FNF:5
FNH:3
FNDA:0,generateValidToken
FNDA:2,(anonymous_8)
FNDA:1,(anonymous_9)
FNDA:1,(anonymous_11)
FNDA:0,(anonymous_12)
DA:1,1
DA:2,1
DA:4,1
DA:132,0
DA:144,3
DA:145,1
DA:146,1
DA:148,1
DA:164,1
DA:178,1
DA:179,1
DA:180,1
DA:181,1
DA:188,2
DA:189,0
DA:193,0
LF:16
LH:13
BRDA:136,0,0,0
BRDA:136,0,1,0
BRF:2
BRH:0
end_of_record
